2025-02-09 22:37:30,727 INFO: Category: CASHPOWER_PAYMENTS, Total Amount: 129900.00, Count: 17 [in /home/kelvin/alu/ALU_SUMMATIVES/FINSIGHT/Momo_Analysis/app/route.py:185]
2025-02-09 22:37:30,731 INFO: Category: WITHDRAWALS, Total Amount: 94000.00, Count: 3 [in /home/kelvin/alu/ALU_SUMMATIVES/FINSIGHT/Momo_Analysis/app/route.py:185]
2025-02-09 22:37:30,733 INFO: Monthly Summary: [in /home/kelvin/alu/ALU_SUMMATIVES/FINSIGHT/Momo_Analysis/app/route.py:196]
2025-02-09 22:37:30,733 INFO: Year: 2024, Month: 5, Total Amount: 538350.00, Count: 96 [in /home/kelvin/alu/ALU_SUMMATIVES/FINSIGHT/Momo_Analysis/app/route.py:198]
2025-02-09 22:37:30,733 INFO: Year: 2024, Month: 6, Total Amount: 2413300.00, Count: 275 [in /home/kelvin/alu/ALU_SUMMATIVES/FINSIGHT/Momo_Analysis/app/route.py:198]
2025-02-09 22:37:30,733 INFO: Year: 2024, Month: 7, Total Amount: 3697180.00, Count: 227 [in /home/kelvin/alu/ALU_SUMMATIVES/FINSIGHT/Momo_Analysis/app/route.py:198]
2025-02-09 22:37:30,733 INFO: Year: 2024, Month: 8, Total Amount: 1321650.00, Count: 120 [in /home/kelvin/alu/ALU_SUMMATIVES/FINSIGHT/Momo_Analysis/app/route.py:198]
2025-02-09 22:37:30,733 INFO: Year: 2024, Month: 9, Total Amount: 7157650.00, Count: 242 [in /home/kelvin/alu/ALU_SUMMATIVES/FINSIGHT/Momo_Analysis/app/route.py:198]
2025-02-09 22:37:30,733 INFO: Year: 2024, Month: 10, Total Amount: 3336614.00, Count: 192 [in /home/kelvin/alu/ALU_SUMMATIVES/FINSIGHT/Momo_Analysis/app/route.py:198]
2025-02-09 22:37:30,733 INFO: Year: 2024, Month: 11, Total Amount: 6353540.00, Count: 225 [in /home/kelvin/alu/ALU_SUMMATIVES/FINSIGHT/Momo_Analysis/app/route.py:198]
2025-02-09 22:37:30,733 INFO: Year: 2024, Month: 12, Total Amount: 4277082.00, Count: 189 [in /home/kelvin/alu/ALU_SUMMATIVES/FINSIGHT/Momo_Analysis/app/route.py:198]
2025-02-09 22:37:30,733 INFO: Year: 2025, Month: 1, Total Amount: 3757430.00, Count: 76 [in /home/kelvin/alu/ALU_SUMMATIVES/FINSIGHT/Momo_Analysis/app/route.py:198]
2025-02-09 22:37:30,733 INFO: Year: 2025, Month: 2, Total Amount: 40400.00, Count: 21 [in /home/kelvin/alu/ALU_SUMMATIVES/FINSIGHT/Momo_Analysis/app/route.py:198]
2025-02-09 22:37:30,734 ERROR: Error in financial overview: The "whens" argument to case(), when referring to a sequence of items, is now passed as a series of positional elements, rather than as a list.  [in /home/kelvin/alu/ALU_SUMMATIVES/FINSIGHT/Momo_Analysis/app/route.py:261]
2025-02-09 22:37:30,734 ERROR: Traceback (most recent call last):
  File "/home/kelvin/alu/ALU_SUMMATIVES/FINSIGHT/Momo_Analysis/app/route.py", line 204, in get_financial_overview
    func.sum(case([(Transaction.amount > 0, Transaction.amount)], else_=0)).label('income'),
  File "/usr/local/lib/python3.10/dist-packages/sqlalchemy/sql/_elements_constructors.py", line 850, in case
    return Case(*whens, value=value, else_=else_)
  File "/usr/local/lib/python3.10/dist-packages/sqlalchemy/sql/elements.py", line 3306, in __init__
    new_whens: Iterable[Any] = coercions._expression_collection_was_a_list(
  File "/usr/local/lib/python3.10/dist-packages/sqlalchemy/sql/coercions.py", line 152, in _expression_collection_was_a_list
    raise exc.ArgumentError(
sqlalchemy.exc.ArgumentError: The "whens" argument to case(), when referring to a sequence of items, is now passed as a series of positional elements, rather than as a list. 
 [in /home/kelvin/alu/ALU_SUMMATIVES/FINSIGHT/Momo_Analysis/app/route.py:262]
2025-02-09 22:39:36,516 INFO: Financial Dashboard startup [in /home/kelvin/alu/ALU_SUMMATIVES/FINSIGHT/Momo_Analysis/app/__init__.py:87]
2025-02-09 22:39:39,110 INFO: Total Income: 32893196.00 [in /home/kelvin/alu/ALU_SUMMATIVES/FINSIGHT/Momo_Analysis/app/route.py:27]
2025-02-09 22:39:39,110 INFO: Total Expenses: 0 [in /home/kelvin/alu/ALU_SUMMATIVES/FINSIGHT/Momo_Analysis/app/route.py:28]
2025-02-11 09:15:50,999 INFO: Financial Dashboard startup [in /home/kelvin/alu/ALU_SUMMATIVES/FINSIGHT/Momo_Analysis/app/__init__.py:87]
2025-02-11 09:15:59,995 INFO: Total Income: 32893196.00 [in /home/kelvin/alu/ALU_SUMMATIVES/FINSIGHT/Momo_Analysis/app/route.py:27]
2025-02-11 09:15:59,996 INFO: Total Expenses: 0 [in /home/kelvin/alu/ALU_SUMMATIVES/FINSIGHT/Momo_Analysis/app/route.py:28]
2025-02-11 11:23:46,964 INFO: Financial Dashboard startup [in /home/kelvin/alu/ALU_SUMMATIVES/FINSIGHT/Momo_Analysis/app/__init__.py:87]
2025-02-11 11:23:52,926 INFO: Total Income: 32893196.00 [in /home/kelvin/alu/ALU_SUMMATIVES/FINSIGHT/Momo_Analysis/app/route.py:27]
2025-02-11 11:23:52,930 INFO: Total Expenses: 0 [in /home/kelvin/alu/ALU_SUMMATIVES/FINSIGHT/Momo_Analysis/app/route.py:28]
2025-02-11 11:24:15,067 INFO: Financial Dashboard startup [in /home/kelvin/alu/ALU_SUMMATIVES/FINSIGHT/Momo_Analysis/app/__init__.py:87]
2025-02-11 11:24:17,561 INFO: Total Income: 32893196.00 [in /home/kelvin/alu/ALU_SUMMATIVES/FINSIGHT/Momo_Analysis/app/route.py:27]
2025-02-11 11:24:17,562 INFO: Total Expenses: 0 [in /home/kelvin/alu/ALU_SUMMATIVES/FINSIGHT/Momo_Analysis/app/route.py:28]
2025-02-11 11:24:34,538 INFO: Financial Dashboard startup [in /home/kelvin/alu/ALU_SUMMATIVES/FINSIGHT/Momo_Analysis/app/__init__.py:87]
2025-02-11 11:24:36,576 INFO: Total Income: 32893196.00 [in /home/kelvin/alu/ALU_SUMMATIVES/FINSIGHT/Momo_Analysis/app/route.py:27]
2025-02-11 11:24:36,576 INFO: Total Expenses: 0 [in /home/kelvin/alu/ALU_SUMMATIVES/FINSIGHT/Momo_Analysis/app/route.py:28]
2025-02-11 11:34:42,272 INFO: Financial Dashboard startup [in /home/kelvin/alu/ALU_SUMMATIVES/FINSIGHT/Momo_Analysis/app/__init__.py:87]
2025-02-11 11:34:44,195 INFO: Total Income: 32893196.00 [in /home/kelvin/alu/ALU_SUMMATIVES/FINSIGHT/Momo_Analysis/app/route.py:27]
2025-02-11 11:34:44,201 INFO: Total Expenses: 0 [in /home/kelvin/alu/ALU_SUMMATIVES/FINSIGHT/Momo_Analysis/app/route.py:28]
2025-02-11 11:36:37,979 INFO: Financial Dashboard startup [in /home/kelvin/alu/ALU_SUMMATIVES/FINSIGHT/Momo_Analysis/app/__init__.py:87]
2025-02-11 11:36:41,708 INFO: Total Income: 32893196.00 [in /home/kelvin/alu/ALU_SUMMATIVES/FINSIGHT/Momo_Analysis/app/route.py:27]
2025-02-11 11:36:41,709 INFO: Total Expenses: 0 [in /home/kelvin/alu/ALU_SUMMATIVES/FINSIGHT/Momo_Analysis/app/route.py:28]
2025-02-11 11:39:36,999 INFO: Financial Dashboard startup [in /home/kelvin/alu/ALU_SUMMATIVES/FINSIGHT/Momo_Analysis/app/__init__.py:87]
2025-02-11 11:39:40,434 INFO: Total Income: 32893196.00 [in /home/kelvin/alu/ALU_SUMMATIVES/FINSIGHT/Momo_Analysis/app/route.py:27]
2025-02-11 11:39:40,439 INFO: Total Expenses: 0 [in /home/kelvin/alu/ALU_SUMMATIVES/FINSIGHT/Momo_Analysis/app/route.py:28]
2025-02-11 13:46:12,340 INFO: Financial Dashboard startup [in /home/kelvin/alu/ALU_SUMMATIVES/FINSIGHT/Momo_Analysis/app/__init__.py:87]
2025-02-11 13:46:14,613 INFO: Total Income: 32893196.00 [in /home/kelvin/alu/ALU_SUMMATIVES/FINSIGHT/Momo_Analysis/app/route.py:27]
2025-02-11 13:46:14,614 INFO: Total Expenses: 0 [in /home/kelvin/alu/ALU_SUMMATIVES/FINSIGHT/Momo_Analysis/app/route.py:28]
2025-02-11 16:17:10,128 INFO: Total Income: 32893196.00 [in /home/kelvin/alu/ALU_SUMMATIVES/FINSIGHT/Momo_Analysis/app/route.py:27]
2025-02-11 16:17:10,145 INFO: Total Expenses: 0 [in /home/kelvin/alu/ALU_SUMMATIVES/FINSIGHT/Momo_Analysis/app/route.py:28]
2025-02-11 17:13:53,560 INFO: Financial Dashboard startup [in /home/kelvin/alu/ALU_SUMMATIVES/FINSIGHT/Momo_Analysis/app/__init__.py:87]
2025-02-11 17:13:56,915 INFO: Total Income: 32893196.00 [in /home/kelvin/alu/ALU_SUMMATIVES/FINSIGHT/Momo_Analysis/app/route.py:27]
2025-02-11 17:13:56,916 INFO: Total Expenses: 0 [in /home/kelvin/alu/ALU_SUMMATIVES/FINSIGHT/Momo_Analysis/app/route.py:28]
2025-02-11 18:07:37,223 INFO: Financial Dashboard startup [in /home/kelvin/alu/ALU_SUMMATIVES/FINSIGHT/Momo_Analysis/app/__init__.py:87]
2025-02-11 18:07:56,540 INFO: Total Income: 32893196.00 [in /home/kelvin/alu/ALU_SUMMATIVES/FINSIGHT/Momo_Analysis/app/route.py:27]
2025-02-11 18:07:56,541 INFO: Total Expenses: 0 [in /home/kelvin/alu/ALU_SUMMATIVES/FINSIGHT/Momo_Analysis/app/route.py:28]
2025-02-11 18:49:11,015 INFO: Financial Dashboard startup [in /home/kelvin/alu/ALU_SUMMATIVES/FINSIGHT/Momo_Analysis/app/__init__.py:87]
2025-02-11 18:49:13,481 INFO: Total Income: 32893196.00 [in /home/kelvin/alu/ALU_SUMMATIVES/FINSIGHT/Momo_Analysis/app/route.py:27]
2025-02-11 18:49:13,482 INFO: Total Expenses: 0 [in /home/kelvin/alu/ALU_SUMMATIVES/FINSIGHT/Momo_Analysis/app/route.py:28]
2025-02-11 18:57:00,390 INFO: Financial Dashboard startup [in /home/kelvin/alu/ALU_SUMMATIVES/FINSIGHT/Momo_Analysis/app/__init__.py:87]
2025-02-11 18:57:02,829 INFO: Total Income: 32893196.00 [in /home/kelvin/alu/ALU_SUMMATIVES/FINSIGHT/Momo_Analysis/app/route.py:27]
2025-02-11 18:57:02,830 INFO: Total Expenses: 0 [in /home/kelvin/alu/ALU_SUMMATIVES/FINSIGHT/Momo_Analysis/app/route.py:28]
2025-02-11 19:03:02,292 INFO: Financial Dashboard startup [in /home/kelvin/alu/ALU_SUMMATIVES/FINSIGHT/Momo_Analysis/app/__init__.py:87]
2025-02-11 19:03:18,167 INFO: Financial Dashboard startup [in /home/kelvin/alu/ALU_SUMMATIVES/FINSIGHT/Momo_Analysis/app/__init__.py:87]
2025-02-11 19:03:19,969 INFO: Total Income: 32893196.00 [in /home/kelvin/alu/ALU_SUMMATIVES/FINSIGHT/Momo_Analysis/app/route.py:27]
2025-02-11 19:03:19,970 INFO: Total Expenses: 0 [in /home/kelvin/alu/ALU_SUMMATIVES/FINSIGHT/Momo_Analysis/app/route.py:28]
2025-02-11 19:03:32,400 INFO: Total Income: 32893196.00 [in /home/kelvin/alu/ALU_SUMMATIVES/FINSIGHT/Momo_Analysis/app/route.py:27]
2025-02-11 19:03:32,400 INFO: Total Expenses: 0 [in /home/kelvin/alu/ALU_SUMMATIVES/FINSIGHT/Momo_Analysis/app/route.py:28]
2025-02-11 19:16:21,417 INFO: Financial Dashboard startup [in /home/kelvin/alu/ALU_SUMMATIVES/FINSIGHT/Momo_Analysis/app/__init__.py:87]
2025-02-11 19:16:24,223 INFO: Total Income: 32893196.00 [in /home/kelvin/alu/ALU_SUMMATIVES/FINSIGHT/Momo_Analysis/app/route.py:27]
2025-02-11 19:16:24,223 INFO: Total Expenses: 0 [in /home/kelvin/alu/ALU_SUMMATIVES/FINSIGHT/Momo_Analysis/app/route.py:28]
